<?xml version="1.0" encoding="utf-8"?><testsuites name="pytest tests"><testsuite name="pytest" errors="0" failures="0" skipped="0" tests="36" time="6.176" timestamp="2026-09-18T06:35:49.485101+00:00" hostname="agent-env-2c42f512-bcc0-4748-bf36-c6a4571cd3ae"><testcase classname="tests.backend_test.TestAuth" name="test_login_wrong_password" time="0.469" /><testcase classname="tests.backend_test.TestAuth" name="test_old_password_fails" time="0.499" /><testcase classname="tests.backend_test.TestManageResponses" name="test_checkins_list_has_load_fields" time="1.095" /><testcase classname="tests.backend_test.TestManageResponses" name="test_delete_returns_checkin_and_session_then_restore" time="0.989" /><testcase classname="tests.backend_test.TestAuth" name="test_me" time="0.563" /><testcase classname="tests.backend_test.TestAuth" name="test_me_unauth" time="0.135" /><testcase classname="tests.backend_test.TestCheckIn" name="test_basic_checkin" time="0.108" /><testcase classname="tests.backend_test.TestCheckIn" name="test_checkin_with_session" time="0.124" /><testcase classname="tests.backend_test.TestCheckIn" name="test_checkin_high_soreness_alert" time="0.383" /><testcase classname="tests.backend_test.TestManageResponses" name="test_delete_unauth" time="0.113" /><testcase classname="tests.backend_test.TestManageResponses" name="test_delete_not_found" time="0.155" /><testcase classname="tests.backend_test.TestCheckIn" name="test_checkin_ill_alert" time="0.284" /><testcase classname="tests.backend_test.TestManageResponses" name="test_edit_recomputes_load" time="0.627" /><testcase classname="tests.backend_test.TestExport" name="test_export_excel" time="0.159" /><testcase classname="tests.backend_test.TestExport" name="test_export_unauth" time="0.111" /><testcase classname="tests.backend_test.TestExport" name="test_send_report" time="0.357" /><testcase classname="tests.backend_test.TestManageResponses" name="test_edit_unauth" time="0.124" /><testcase classname="tests.backend_test.TestManageResponses" name="test_clear_today" time="0.690" /><testcase classname="tests.backend_test.TestExport" name="test_export_excel_colored_dashboard" time="0.377" /><testcase classname="tests.backend_test.TestWeeklyDigest" name="test_get_default" time="0.136" /><testcase classname="tests.backend_test.TestWeeklyDigest" name="test_post_and_persist" time="0.283" /><testcase classname="tests.backend_test.TestManageResponses" name="test_clear_today_unauth" time="0.124" /><testcase classname="tests.backend_test.TestRoster" name="test_get_roster_public" time="0.133" /><testcase classname="tests.backend_test.TestWeeklyDigest" name="test_settings_unauth" time="0.124" /><testcase classname="tests.backend_test.TestRoster" name="test_add_and_remove_athlete" time="0.644" /><testcase classname="tests.backend_test.TestWeeklyDigest" name="test_send_weekly_now" time="0.331" /><testcase classname="tests.backend_test.TestDashboard" name="test_dashboard" time="0.114" /><testcase classname="tests.backend_test.TestDashboard" name="test_dashboard_unauth" time="0.134" /><testcase classname="tests.backend_test.TestRoster" name="test_add_unauth" time="0.111" /><testcase classname="tests.backend_test.TestDashboard" name="test_checkins_list" time="0.111" /><testcase classname="tests.backend_test.TestDailyEmailSettings" name="test_get_default" time="0.121" /><testcase classname="tests.backend_test.TestTrends" name="test_trends_shape" time="0.279" /><testcase classname="tests.backend_test.TestDailyEmailSettings" name="test_post_and_persist" time="0.571" /><testcase classname="tests.backend_test.TestTrends" name="test_trends_unauth" time="0.111" /><testcase classname="tests.backend_test.TestSeedMessi" name="test_seed_messi_today" time="0.115" /><testcase classname="tests.backend_test.TestDailyEmailSettings" name="test_settings_unauth" time="0.111" /></testsuite></testsuites>